# JRE version: OpenJDK Runtime Environment (17.0.11) (build 17.0.11+0-17.0.11b1207.24-11852314)
# Java VM: OpenJDK 64-Bit Server VM (17.0.11+0-17.0.11b1207.24-11852314, mixed mode, tiered, compressed oops, compressed class ptrs, g1 gc, bsd-aarch64)
GC Precious Log:
 CPUs: 8 total, 8 available
 Memory: 16384M
 Large Page Support: Disabled
 NUMA Support: Disabled
 Compressed Oops: Enabled (Zero based)
 Heap Region Size: 1M
 Heap Min Capacity: 8M
 Heap Initial Capacity: 256M
 Heap Max Capacity: 2G
 Pre-touch: Disabled
 Parallel Workers: 8
 Concurrent Workers: 2
 Concurrent Refinement Workers: 8
 Periodic GC: Disabled
Heap:
 garbage-first heap   total 337920K, used 245824K [0x0000000780000000, 0x0000000800000000)
  region size 1024K, 150 young (153600K), 9 survivors (9216K)
 Metaspace       used 84691K, committed 85504K, reserved 1179648K
  class space    used 12148K, committed 12544K, reserved 1048576K
GC Heap History (20 events):
Event: 2.193 GC heap after
{Heap after GC invocations=15 (full 0):
 garbage-first heap   total 172032K, used 69555K [0x0000000780000000, 0x0000000800000000)
  region size 1024K, 10 young (10240K), 10 survivors (10240K)
 Metaspace       used 50530K, committed 51136K, reserved 1114112K
  class space    used 7084K, committed 7360K, reserved 1048576K
}
Event: 2.673 GC heap before
{Heap before GC invocations=15 (full 0):
 garbage-first heap   total 172032K, used 129971K [0x0000000780000000, 0x0000000800000000)
  region size 1024K, 69 young (70656K), 10 survivors (10240K)
 Metaspace       used 56702K, committed 57344K, reserved 1114112K
  class space    used 8134K, committed 8448K, reserved 1048576K
}
Event: 2.677 GC heap after
{Heap after GC invocations=16 (full 0):
 garbage-first heap   total 172032K, used 73876K [0x0000000780000000, 0x0000000800000000)
  region size 1024K, 4 young (4096K), 4 survivors (4096K)
 Metaspace       used 56702K, committed 57344K, reserved 1114112K
  class space    used 8134K, committed 8448K, reserved 1048576K
}
Event: 2.985 GC heap before
{Heap before GC invocations=16 (full 0):
 garbage-first heap   total 172032K, used 135316K [0x0000000780000000, 0x0000000800000000)
  region size 1024K, 62 young (63488K), 4 survivors (4096K)
 Metaspace       used 59255K, committed 59904K, reserved 1114112K
  class space    used 8471K, committed 8768K, reserved 1048576K
}
Event: 2.989 GC heap after
{Heap after GC invocations=17 (full 0):
 garbage-first heap   total 172032K, used 84092K [0x0000000780000000, 0x0000000800000000)
  region size 1024K, 8 young (8192K), 8 survivors (8192K)
 Metaspace       used 59255K, committed 59904K, reserved 1114112K
  class space    used 8471K, committed 8768K, reserved 1048576K
}
Event: 2.990 GC heap before
{Heap before GC invocations=17 (full 0):
 garbage-first heap   total 172032K, used 84092K [0x0000000780000000, 0x0000000800000000)
  region size 1024K, 9 young (9216K), 8 survivors (8192K)
 Metaspace       used 59259K, committed 59904K, reserved 1114112K
  class space    used 8471K, committed 8768K, reserved 1048576K
}
Event: 2.993 GC heap after
{Heap after GC invocations=18 (full 0):
 garbage-first heap   total 172032K, used 85382K [0x0000000780000000, 0x0000000800000000)
  region size 1024K, 1 young (1024K), 1 survivors (1024K)
 Metaspace       used 59259K, committed 59904K, reserved 1114112K
  class space    used 8471K, committed 8768K, reserved 1048576K
}
Event: 3.227 GC heap before
{Heap before GC invocations=19 (full 0):
 garbage-first heap   total 172032K, used 139654K [0x0000000780000000, 0x0000000800000000)
  region size 1024K, 50 young (51200K), 1 survivors (1024K)
 Metaspace       used 62487K, committed 63232K, reserved 1114112K
  class space    used 8923K, committed 9280K, reserved 1048576K
}
Event: 3.229 GC heap after
{Heap after GC invocations=20 (full 0):
 garbage-first heap   total 172032K, used 92847K [0x0000000780000000, 0x0000000800000000)
  region size 1024K, 6 young (6144K), 6 survivors (6144K)
 Metaspace       used 62487K, committed 63232K, reserved 1114112K
  class space    used 8923K, committed 9280K, reserved 1048576K
}
Event: 3.245 GC heap before
{Heap before GC invocations=20 (full 0):
 garbage-first heap   total 172032K, used 94895K [0x0000000780000000, 0x0000000800000000)
  region size 1024K, 8 young (8192K), 6 survivors (6144K)
 Metaspace       used 62672K, committed 63424K, reserved 1114112K
  class space    used 8935K, committed 9280K, reserved 1048576K
}
Event: 3.247 GC heap after
{Heap after GC invocations=21 (full 0):
 garbage-first heap   total 172032K, used 92088K [0x0000000780000000, 0x0000000800000000)
  region size 1024K, 1 young (1024K), 1 survivors (1024K)
 Metaspace       used 62672K, committed 63424K, reserved 1114112K
  class space    used 8935K, committed 9280K, reserved 1048576K
}
Event: 3.499 GC heap before
{Heap before GC invocations=21 (full 0):
 garbage-first heap   total 172032K, used 138168K [0x0000000780000000, 0x0000000800000000)
  region size 1024K, 46 young (47104K), 1 survivors (1024K)
 Metaspace       used 67264K, committed 67968K, reserved 1114112K
  class space    used 9545K, committed 9856K, reserved 1048576K
}
Event: 3.501 GC heap after
{Heap after GC invocations=22 (full 0):
 garbage-first heap   total 172032K, used 93076K [0x0000000780000000, 0x0000000800000000)
  region size 1024K, 2 young (2048K), 2 survivors (2048K)
 Metaspace       used 67264K, committed 67968K, reserved 1114112K
  class space    used 9545K, committed 9856K, reserved 1048576K
}
Event: 3.751 GC heap before
{Heap before GC invocations=23 (full 0):
 garbage-first heap   total 172032K, used 145300K [0x0000000780000000, 0x0000000800000000)
  region size 1024K, 48 young (49152K), 2 survivors (2048K)
 Metaspace       used 70636K, committed 71424K, reserved 1114112K
  class space    used 10006K, committed 10368K, reserved 1048576K
}
Event: 3.754 GC heap after
{Heap after GC invocations=24 (full 0):
 garbage-first heap   total 172032K, used 99049K [0x0000000780000000, 0x0000000800000000)
  region size 1024K, 6 young (6144K), 6 survivors (6144K)
 Metaspace       used 70636K, committed 71424K, reserved 1114112K
  class space    used 10006K, committed 10368K, reserved 1048576K
}
Event: 3.765 GC heap before
{Heap before GC invocations=24 (full 0):
 garbage-first heap   total 172032K, used 101097K [0x0000000780000000, 0x0000000800000000)
  region size 1024K, 8 young (8192K), 6 survivors (6144K)
 Metaspace       used 70782K, committed 71552K, reserved 1114112K
  class space    used 10026K, committed 10368K, reserved 1048576K
}
Event: 3.768 GC heap after
{Heap after GC invocations=25 (full 0):
 garbage-first heap   total 172032K, used 99449K [0x0000000780000000, 0x0000000800000000)
  region size 1024K, 1 young (1024K), 1 survivors (1024K)
 Metaspace       used 70782K, committed 71552K, reserved 1114112K
  class space    used 10026K, committed 10368K, reserved 1048576K
}
Event: 3.943 GC heap before
{Heap before GC invocations=25 (full 0):
 garbage-first heap   total 172032K, used 141433K [0x0000000780000000, 0x0000000800000000)
  region size 1024K, 42 young (43008K), 1 survivors (1024K)
 Metaspace       used 74524K, committed 75264K, reserved 1114112K
  class space    used 10556K, committed 10944K, reserved 1048576K
}
Event: 3.945 GC heap after
{Heap after GC invocations=26 (full 0):
 garbage-first heap   total 337920K, used 100416K [0x0000000780000000, 0x0000000800000000)
  region size 1024K, 2 young (2048K), 2 survivors (2048K)
 Metaspace       used 74524K, committed 75264K, reserved 1114112K
  class space    used 10556K, committed 10944K, reserved 1048576K
}
Event: 4.572 GC heap before
{Heap before GC invocations=27 (full 0):
 garbage-first heap   total 337920K, used 245824K [0x0000000780000000, 0x0000000800000000)
  region size 1024K, 143 young (146432K), 2 survivors (2048K)
 Metaspace       used 84691K, committed 85504K, reserved 1179648K
  class space    used 12148K, committed 12544K, reserved 1048576K
}

